<div class='INFO RECORD'><div class='date'>17 mars 2016 09:09:46 CET</div><div class='message'>CONFIG : Ko.Kstart -> db:rest-qcm</div></div>



<div class='INFO RECORD'><div class='date'>17 mars 2016 09:09:46 CET</div><div class='message'>CONFIG : getProperty -> host:127.0.0.1</div></div>



<div class='INFO RECORD'><div class='date'>17 mars 2016 09:09:46 CET</div><div class='message'>CONFIG : getProperty -> port:3306</div></div>



<div class='INFO RECORD'><div class='date'>17 mars 2016 09:09:46 CET</div><div class='message'>CONFIG : getProperty -> user:root</div></div>



<div class='INFO RECORD'><div class='date'>17 mars 2016 09:09:46 CET</div><div class='message'>CONFIG : getProperty -> password:</div></div>



<div class='INFO RECORD'><div class='date'>17 mars 2016 09:09:46 CET</div><div class='message'>CONFIG : getProperty -> dbType:mysql</div></div>



<div class='INFO RECORD'><div class='date'>17 mars 2016 09:09:46 CET</div><div class='message'>CONFIG : getProperty -> dbOptions:</div></div>



<div class='INFO RECORD'><div class='date'>17 mars 2016 09:09:46 CET</div><div class='message'>CONFIG : getProperty -> validationFile:conf/kox.xml</div></div>



<div class='INFO RECORD'><div class='date'>17 mars 2016 09:09:46 CET</div><div class='message'>CONFIG : getProperty -> erFile:conf/validation/er.properties</div></div>



<div class='INFO RECORD'><div class='date'>17 mars 2016 09:09:46 CET</div><div class='message'>CONFIG : getProperty -> messagesFile:conf/validation/messages.properties</div></div>



<div class='INFO RECORD'><div class='date'>17 mars 2016 09:09:46 CET</div><div class='message'>CONFIG : getProperty -> mappingFile:conf/mox.xml</div></div>



<div class='INFO RECORD'><div class='date'>17 mars 2016 09:09:46 CET</div><div class='message'>CONFIG : getProperty -> webApp:false</div></div>



<div class='INFO RECORD'><div class='date'>17 mars 2016 09:09:46 CET</div><div class='message'>CONFIG : getProperty -> package:qcm.models</div></div>



<div class='INFO RECORD'><div class='date'>17 mars 2016 09:09:46 CET</div><div class='message'>CONFIG : getProperty -> nullValue:&nbsp;</div></div>



<div class='INFO RECORD'><div class='date'>17 mars 2016 09:09:46 CET</div><div class='message'>CONFIG : getProperty -> request.valuesSeparator:;</div></div>



<div class='INFO RECORD'><div class='date'>17 mars 2016 09:09:46 CET</div><div class='message'>CONFIG : getProperty -> headerURL:WEB-INF/header.jsp</div></div>



<div class='INFO RECORD'><div class='date'>17 mars 2016 09:09:46 CET</div><div class='message'>CONFIG : getProperty -> footerURL:WEB-INF/footer.jsp</div></div>



<div class='INFO RECORD'><div class='date'>17 mars 2016 09:09:46 CET</div><div class='message'>CONFIG : getProperty -> controlClass:</div></div>



<div class='INFO RECORD'><div class='date'>17 mars 2016 09:09:46 CET</div><div class='message'>CONFIG : getProperty -> cssFile:css/css.properties</div></div>



<div class='INFO RECORD'><div class='date'>17 mars 2016 09:09:46 CET</div><div class='message'>CONFIG : getProperty -> mainServletMapping:*.do</div></div>



<div class='INFO RECORD'><div class='date'>17 mars 2016 09:09:46 CET</div><div class='message'>CONFIG : getProperty -> useSetters:false</div></div>



<div class='INFO RECORD'><div class='date'>17 mars 2016 09:09:46 CET</div><div class='message'>CONFIG : getProperty -> useCache:false</div></div>



<div class='INFO RECORD'><div class='date'>17 mars 2016 09:09:46 CET</div><div class='message'>CONFIG : getProperty -> cacheType:1</div></div>



<div class='INFO RECORD'><div class='date'>17 mars 2016 09:09:46 CET</div><div class='message'>CONFIG : getProperty -> constraintsDepth:1</div></div>



<div class='INFO RECORD'><div class='date'>17 mars 2016 09:09:46 CET</div><div class='message'>CONFIG : getProperty -> actionsName:action.do</div></div>



<div class='INFO RECORD'><div class='date'>17 mars 2016 09:09:46 CET</div><div class='message'>CONFIG : getProperty -> schema.ddl:validate</div></div>



<div class='INFO RECORD'><div class='date'>17 mars 2016 09:09:46 CET</div><div class='message'>CONFIG : getProperty -> memory.dbType:null</div></div>



<div class='INFO RECORD'><div class='date'>17 mars 2016 09:09:46 CET</div><div class='message'>CONFIG : getProperty -> transformer:</div></div>



<div class='INFO RECORD'><div class='date'>17 mars 2016 09:09:46 CET</div><div class='message'>CONFIG : getProperty -> queryThread.maxInterval:120</div></div>



<div class='INFO RECORD'><div class='date'>17 mars 2016 09:09:46 CET</div><div class='message'>CONFIG : getProperty -> queryThread.minInterval:60</div></div>



<div class='INFO RECORD'><div class='date'>17 mars 2016 09:09:46 CET</div><div class='message'>CONFIG : getProperty -> queryThread.queriesCount:5</div></div>



<div class='INFO RECORD'><div class='date'>17 mars 2016 09:09:46 CET</div><div class='message'>CONFIG : getProperty -> queryThread.start:false</div></div>



<div class='INFO RECORD'><div class='date'>17 mars 2016 09:09:46 CET</div><div class='message'>CONFIG : getProperty -> pluginVersion:1.0.0.26</div></div>



<div class='INFO RECORD'><div class='date'>17 mars 2016 09:09:46 CET</div><div class='message'>CONFIG : getProperty -> encoding:UTF-8</div></div>



<div class='INFO RECORD'><div class='date'>17 mars 2016 09:09:46 CET</div><div class='message'>CONFIG : getProperty -> requestVarsInMox:false</div></div>



<div class='INFO RECORD'><div class='date'>17 mars 2016 09:09:46 CET</div><div class='message'>CONFIG : getProperty -> clientDebugOptions:true</div></div>



<div class='INFO RECORD'><div class='date'>17 mars 2016 09:09:46 CET</div><div class='message'>CONFIG : getProperty -> clientDebug:false</div></div>



<div class='INFO RECORD'><div class='date'>17 mars 2016 09:09:46 CET</div><div class='message'>FRAMEWORK : KDebugClient.setActive -> active : false</div></div>



<div class='INFO RECORD'><div class='date'>17 mars 2016 09:09:46 CET</div><div class='message'>CONFIG : getProperty -> koDateTime:dd/MM/yyyy HH:mm</div></div>



<div class='INFO RECORD'><div class='date'>17 mars 2016 09:09:46 CET</div><div class='message'>CONFIG : getProperty -> sqlDateTime:yyyy-MM-dd HH:mm:ss.SSS</div></div>



<div class='INFO RECORD'><div class='date'>17 mars 2016 09:09:46 CET</div><div class='message'>FRAMEWORK : Ko.start -> Démarrage de KObject</div></div>



<div class='INFO RECORD'><div class='date'>17 mars 2016 09:09:46 CET</div><div class='message'>POOL : KDataBase.lease -> net.ko.db.provider.KDBMysql@6dabfaa0 inuse</div></div>



<div class='INFO RECORD'><div class='date'>17 mars 2016 09:09:46 CET</div><div class='message'>POOL : KDataBase.getConnection -> nb connections: 1</div></div>



<div class='INFO RECORD'><div class='date'>17 mars 2016 09:09:46 CET</div><div class='message'>POOL : KDataBase.expireLease -> net.ko.db.provider.KDBMysql@6dabfaa0 expirelease</div></div>



<div class='INFO RECORD'><div class='date'>17 mars 2016 09:09:46 CET</div><div class='message'>POOL : KDataBase.close -> net.ko.db.provider.KDBMysql@6dabfaa0 dispo</div></div>



<div class='INFO RECORD'><div class='date'>17 mars 2016 09:09:46 CET</div><div class='message'>POOL : KDataBase.lease -> net.ko.db.provider.KDBMysql@9736e99 inuse</div></div>



<div class='INFO RECORD'><div class='date'>17 mars 2016 09:09:46 CET</div><div class='message'>POOL : KDataBase.getConnection -> nb connections: 1</div></div>



<div class='INFO RECORD'><div class='date'>17 mars 2016 09:09:46 CET</div><div class='message'>FRAMEWORK : KSchemaValidator.execute -> Vérification du schéma de la base </div></div>



<div class='WARNING RECORD'><div class='date'>17 mars 2016 09:09:46 CET</div><div class='message'>Connexion à la base de données :jdbc:mysql://127.0.0.1:3306/rest-qcm</div></div>



<div class='INFO RECORD'><div class='date'>17 mars 2016 09:09:46 CET</div><div class='message'>Structure de la BDD Ok</div></div>



<div class='INFO RECORD'><div class='date'>17 mars 2016 09:09:46 CET</div><div class='message'>Réparation terminée avec succès</div></div>



<div class='INFO RECORD'><div class='date'>17 mars 2016 09:09:46 CET</div><div class='message'>POOL : KDataBase.expireLease -> net.ko.db.provider.KDBMysql@6dabfaa0 expirelease</div></div>



<div class='INFO RECORD'><div class='date'>17 mars 2016 09:09:46 CET</div><div class='message'>POOL : KDataBase.close -> net.ko.db.provider.KDBMysql@6dabfaa0 dispo</div></div>



<div class='INFO RECORD'><div class='date'>17 mars 2016 09:09:46 CET</div><div class='message'>POOL : KDataBase.expireLease -> net.ko.db.provider.KDBMysql@9736e99 expirelease</div></div>



<div class='INFO RECORD'><div class='date'>17 mars 2016 09:09:46 CET</div><div class='message'>POOL : KDataBase.close -> net.ko.db.provider.KDBMysql@9736e99 dispo</div></div>



<div class='INFO RECORD'><div class='date'>17 mars 2016 09:09:46 CET</div><div class='message'>POOL : KDataBase.lease -> net.ko.db.provider.KDBMysql@a220861 inuse</div></div>



<div class='INFO RECORD'><div class='date'>17 mars 2016 09:09:46 CET</div><div class='message'>POOL : KDataBase.getConnection -> nb connections: 1</div></div>



<div class='INFO RECORD'><div class='date'>17 mars 2016 09:09:46 CET</div><div class='message'>POOL : KDataBase.expireLease -> net.ko.db.provider.KDBMysql@a220861 expirelease</div></div>



<div class='INFO RECORD'><div class='date'>17 mars 2016 09:09:46 CET</div><div class='message'>POOL : KDataBase.close -> net.ko.db.provider.KDBMysql@a220861 dispo</div></div>



<div class='WARNING RECORD'><div class='date'>17 mars 2016 09:09:46 CET</div><div class='message'>Connexion à la base de données :jdbc:mysql://127.0.0.1:3306/rest-qcm</div></div>



<div class='INFO RECORD'><div class='date'>17 mars 2016 09:09:46 CET</div><div class='message'>POOL : KDataBase.lease -> net.ko.db.provider.KDBMysql@46e23a42 inuse</div></div>



<div class='INFO RECORD'><div class='date'>17 mars 2016 09:09:46 CET</div><div class='message'>POOL : KDataBase.getConnection -> nb connections: 1</div></div>



<div class='INFO RECORD'><div class='date'>17 mars 2016 09:09:46 CET</div><div class='message'>SQL : KDataBase.sendQuery -> SELECT * FROM `utilisateur`</div></div>



<div class='INFO RECORD'><div class='date'>17 mars 2016 09:09:46 CET</div><div class='message'>KOBJECT : KListObject<KUtilisateur>.loadFromDb -> KUtilisateur</div></div>



<div class='INFO RECORD'><div class='date'>17 mars 2016 09:09:46 CET</div><div class='message'>KOBJECT : DatabaseDAOObject.loadFromDb -> {id=3}</div></div>



<div class='INFO RECORD'><div class='date'>17 mars 2016 09:09:46 CET</div><div class='message'>KOBJECT : DatabaseDAOObject.loadFromDb -> {id=4}</div></div>



<div class='INFO RECORD'><div class='date'>17 mars 2016 09:09:46 CET</div><div class='message'>KOBJECT : DatabaseDAOObject.loadFromDb -> {id=5}</div></div>



<div class='INFO RECORD'><div class='date'>17 mars 2016 09:09:46 CET</div><div class='message'>KOBJECT : DatabaseDAOObject.loadFromDb -> {id=6}</div></div>



<div class='INFO RECORD'><div class='date'>17 mars 2016 09:09:46 CET</div><div class='message'>KOBJECT : DatabaseDAOObject.loadFromDb -> {id=7}</div></div>



<div class='INFO RECORD'><div class='date'>17 mars 2016 09:09:46 CET</div><div class='message'>KOBJECT : DatabaseDAOObject.loadFromDb -> {id=8}</div></div>



<div class='INFO RECORD'><div class='date'>17 mars 2016 09:09:46 CET</div><div class='message'>KOBJECT : DatabaseDAOObject.loadFromDb -> {id=9}</div></div>



<div class='INFO RECORD'><div class='date'>17 mars 2016 09:09:46 CET</div><div class='message'>KOBJECT : DatabaseDAOObject.loadFromDb -> {id=10}</div></div>



<div class='INFO RECORD'><div class='date'>17 mars 2016 09:09:46 CET</div><div class='message'>KOBJECT : DatabaseDAOObject.loadFromDb -> {id=11}</div></div>



<div class='INFO RECORD'><div class='date'>17 mars 2016 09:09:46 CET</div><div class='message'>SQL : KPreparedStatement.updateParameters -> [3, 4, 5, 6, 7, 8, 9, 10, 11]</div></div>



<div class='INFO RECORD'><div class='date'>17 mars 2016 09:09:46 CET</div><div class='message'>SQL : KPreparedStatement.sendQuery -> SELECT * FROM `realisation`  WHERE `idUtilisateur`= ? OR `idUtilisateur`= ? OR `idUtilisateur`= ? OR `idUtilisateur`= ? OR `idUtilisateur`= ? OR `idUtilisateur`= ? OR `idUtilisateur`= ? OR `idUtilisateur`= ? OR `idUtilisateur`= ?</div></div>



<div class='INFO RECORD'><div class='date'>17 mars 2016 09:09:46 CET</div><div class='message'>KOBJECT : KListObject<KRealisation>.loadFromDb -> KRealisation</div></div>



<div class='INFO RECORD'><div class='date'>17 mars 2016 09:09:46 CET</div><div class='message'>KOBJECT : DatabaseDAOObject.loadFromDb -> {id=1}</div></div>



<div class='INFO RECORD'><div class='date'>17 mars 2016 09:09:46 CET</div><div class='message'>KOBJECT : DatabaseDAOObject.loadFromDb -> {id=2}</div></div>



<div class='INFO RECORD'><div class='date'>17 mars 2016 09:09:46 CET</div><div class='message'>KOBJECT : DatabaseDAOObject.loadFromDb -> {id=3}</div></div>



<div class='INFO RECORD'><div class='date'>17 mars 2016 09:09:46 CET</div><div class='message'>KOBJECT : DatabaseDAOObject.loadFromDb -> {id=4}</div></div>



<div class='INFO RECORD'><div class='date'>17 mars 2016 09:09:46 CET</div><div class='message'>POOL : KDataBase.expireLease -> net.ko.db.provider.KDBMysql@46e23a42 expirelease</div></div>



<div class='INFO RECORD'><div class='date'>17 mars 2016 09:09:46 CET</div><div class='message'>POOL : KDataBase.close -> net.ko.db.provider.KDBMysql@46e23a42 dispo</div></div>



<div class='INFO RECORD'><div class='date'>17 mars 2016 09:09:46 CET</div><div class='message'>KOBJECT : KConstraintHasMany.loadByKL -> class qcm.models.KRealisation</div></div>



<div class='INFO RECORD'><div class='date'>17 mars 2016 09:09:46 CET</div><div class='message'>KOBJECT : KConstraintHasMany.loadByKL -> class qcm.models.KRealisation</div></div>



<div class='INFO RECORD'><div class='date'>17 mars 2016 09:09:46 CET</div><div class='message'>KOBJECT : KConstraintHasMany.loadByKL -> class qcm.models.KRealisation</div></div>



<div class='INFO RECORD'><div class='date'>17 mars 2016 09:09:46 CET</div><div class='message'>KOBJECT : KConstraintHasMany.loadByKL -> class qcm.models.KRealisation</div></div>



<div class='INFO RECORD'><div class='date'>17 mars 2016 09:09:46 CET</div><div class='message'>KOBJECT : KConstraintHasMany.loadByKL -> class qcm.models.KRealisation</div></div>



<div class='INFO RECORD'><div class='date'>17 mars 2016 09:09:46 CET</div><div class='message'>KOBJECT : KConstraintHasMany.loadByKL -> class qcm.models.KRealisation</div></div>



<div class='INFO RECORD'><div class='date'>17 mars 2016 09:09:46 CET</div><div class='message'>KOBJECT : KConstraintHasMany.loadByKL -> class qcm.models.KRealisation</div></div>



<div class='INFO RECORD'><div class='date'>17 mars 2016 09:09:46 CET</div><div class='message'>KOBJECT : KConstraintHasMany.loadByKL -> class qcm.models.KRealisation</div></div>



<div class='INFO RECORD'><div class='date'>17 mars 2016 09:09:46 CET</div><div class='message'>KOBJECT : KConstraintHasMany.loadByKL -> class qcm.models.KRealisation</div></div>



<div class='INFO RECORD'><div class='date'>17 mars 2016 09:09:46 CET</div><div class='message'>POOL : KDataBase.lease -> net.ko.db.provider.KDBMysql@46e23a42 inuse</div></div>



<div class='INFO RECORD'><div class='date'>17 mars 2016 09:09:46 CET</div><div class='message'>SQL : KPreparedStatement.updateParameters -> [3, 4, 5, 6, 7, 8, 9, 10, 11]</div></div>



<div class='INFO RECORD'><div class='date'>17 mars 2016 09:09:46 CET</div><div class='message'>SQL : KPreparedStatement.sendQuery -> SELECT * FROM `utilisateur_Groupe`  WHERE `idUtilisateur`= ? OR `idUtilisateur`= ? OR `idUtilisateur`= ? OR `idUtilisateur`= ? OR `idUtilisateur`= ? OR `idUtilisateur`= ? OR `idUtilisateur`= ? OR `idUtilisateur`= ? OR `idUtilisateur`= ?</div></div>



<div class='INFO RECORD'><div class='date'>17 mars 2016 09:09:47 CET</div><div class='message'>KOBJECT : KListObject<KUtilisateur_Groupe>.loadFromDb -> KUtilisateur_Groupe</div></div>



<div class='INFO RECORD'><div class='date'>17 mars 2016 09:09:47 CET</div><div class='message'>KOBJECT : DatabaseDAOObject.loadFromDb -> {idGroupe=3, idUtilisateur=3}</div></div>



<div class='INFO RECORD'><div class='date'>17 mars 2016 09:09:47 CET</div><div class='message'>KOBJECT : DatabaseDAOObject.loadFromDb -> {idGroupe=3, idUtilisateur=4}</div></div>



<div class='INFO RECORD'><div class='date'>17 mars 2016 09:09:47 CET</div><div class='message'>KOBJECT : DatabaseDAOObject.loadFromDb -> {idGroupe=3, idUtilisateur=7}</div></div>



<div class='INFO RECORD'><div class='date'>17 mars 2016 09:09:47 CET</div><div class='message'>KOBJECT : DatabaseDAOObject.loadFromDb -> {idGroupe=4, idUtilisateur=5}</div></div>



<div class='INFO RECORD'><div class='date'>17 mars 2016 09:09:47 CET</div><div class='message'>KOBJECT : DatabaseDAOObject.loadFromDb -> {idGroupe=4, idUtilisateur=6}</div></div>



<div class='INFO RECORD'><div class='date'>17 mars 2016 09:09:47 CET</div><div class='message'>POOL : KDataBase.expireLease -> net.ko.db.provider.KDBMysql@46e23a42 expirelease</div></div>



<div class='INFO RECORD'><div class='date'>17 mars 2016 09:09:47 CET</div><div class='message'>POOL : KDataBase.close -> net.ko.db.provider.KDBMysql@46e23a42 dispo</div></div>



<div class='INFO RECORD'><div class='date'>17 mars 2016 09:09:47 CET</div><div class='message'>KOBJECT : KConstraintHasAndBelongsToMany.loadByKL -> class qcm.models.KGroupe</div></div>



<div class='INFO RECORD'><div class='date'>17 mars 2016 09:09:47 CET</div><div class='message'>POOL : KDataBase.lease -> net.ko.db.provider.KDBMysql@46e23a42 inuse</div></div>



<div class='INFO RECORD'><div class='date'>17 mars 2016 09:09:47 CET</div><div class='message'>KOBJECT : KConstraintHasAndBelongsToMany.loadByKL -> class qcm.models.KGroupe</div></div>



<div class='INFO RECORD'><div class='date'>17 mars 2016 09:09:47 CET</div><div class='message'>KOBJECT : KConstraintHasAndBelongsToMany.loadByKL -> class qcm.models.KGroupe</div></div>



<div class='INFO RECORD'><div class='date'>17 mars 2016 09:09:47 CET</div><div class='message'>KOBJECT : KConstraintHasAndBelongsToMany.loadByKL -> class qcm.models.KGroupe</div></div>



<div class='INFO RECORD'><div class='date'>17 mars 2016 09:09:47 CET</div><div class='message'>KOBJECT : KConstraintHasAndBelongsToMany.loadByKL -> class qcm.models.KGroupe</div></div>



<div class='INFO RECORD'><div class='date'>17 mars 2016 09:09:47 CET</div><div class='message'>KOBJECT : KConstraintHasAndBelongsToMany.loadByKL -> class qcm.models.KGroupe</div></div>



<div class='INFO RECORD'><div class='date'>17 mars 2016 09:09:47 CET</div><div class='message'>KOBJECT : KConstraintHasAndBelongsToMany.loadByKL -> class qcm.models.KGroupe</div></div>



<div class='INFO RECORD'><div class='date'>17 mars 2016 09:09:47 CET</div><div class='message'>KOBJECT : KConstraintHasAndBelongsToMany.loadByKL -> class qcm.models.KGroupe</div></div>



<div class='INFO RECORD'><div class='date'>17 mars 2016 09:09:47 CET</div><div class='message'>KOBJECT : KConstraintHasAndBelongsToMany.loadByKL -> class qcm.models.KGroupe</div></div>



<div class='INFO RECORD'><div class='date'>17 mars 2016 09:09:47 CET</div><div class='message'>SQL : KPreparedStatement.updateParameters -> [1, 2]</div></div>



<div class='INFO RECORD'><div class='date'>17 mars 2016 09:09:47 CET</div><div class='message'>SQL : KPreparedStatement.sendQuery -> SELECT * FROM `rang`  WHERE `id`= ? OR `id`= ?</div></div>



<div class='INFO RECORD'><div class='date'>17 mars 2016 09:09:47 CET</div><div class='message'>KOBJECT : KListObject<KRang>.loadFromDb -> KRang</div></div>



<div class='INFO RECORD'><div class='date'>17 mars 2016 09:09:47 CET</div><div class='message'>KOBJECT : DatabaseDAOObject.loadFromDb -> {id=1}</div></div>



<div class='INFO RECORD'><div class='date'>17 mars 2016 09:09:47 CET</div><div class='message'>KOBJECT : DatabaseDAOObject.loadFromDb -> {id=2}</div></div>



<div class='INFO RECORD'><div class='date'>17 mars 2016 09:09:47 CET</div><div class='message'>POOL : KDataBase.expireLease -> net.ko.db.provider.KDBMysql@46e23a42 expirelease</div></div>



<div class='INFO RECORD'><div class='date'>17 mars 2016 09:09:47 CET</div><div class='message'>POOL : KDataBase.close -> net.ko.db.provider.KDBMysql@46e23a42 dispo</div></div>



<div class='INFO RECORD'><div class='date'>17 mars 2016 09:09:47 CET</div><div class='message'>KOBJECT : KConstraintBelongsTo.loadByKL -> class qcm.models.KRang</div></div>



<div class='INFO RECORD'><div class='date'>17 mars 2016 09:09:47 CET</div><div class='message'>KOBJECT : KConstraintBelongsTo.loadByKL -> class qcm.models.KRang</div></div>



<div class='INFO RECORD'><div class='date'>17 mars 2016 09:09:47 CET</div><div class='message'>KOBJECT : KConstraintBelongsTo.loadByKL -> class qcm.models.KRang</div></div>



<div class='INFO RECORD'><div class='date'>17 mars 2016 09:09:47 CET</div><div class='message'>KOBJECT : KConstraintBelongsTo.loadByKL -> class qcm.models.KRang</div></div>



<div class='INFO RECORD'><div class='date'>17 mars 2016 09:09:47 CET</div><div class='message'>KOBJECT : KConstraintBelongsTo.loadByKL -> class qcm.models.KRang</div></div>



<div class='INFO RECORD'><div class='date'>17 mars 2016 09:09:47 CET</div><div class='message'>KOBJECT : KConstraintBelongsTo.loadByKL -> class qcm.models.KRang</div></div>



<div class='INFO RECORD'><div class='date'>17 mars 2016 09:09:47 CET</div><div class='message'>KOBJECT : KConstraintBelongsTo.loadByKL -> class qcm.models.KRang</div></div>



<div class='INFO RECORD'><div class='date'>17 mars 2016 09:09:47 CET</div><div class='message'>KOBJECT : KConstraintBelongsTo.loadByKL -> class qcm.models.KRang</div></div>



<div class='INFO RECORD'><div class='date'>17 mars 2016 09:09:47 CET</div><div class='message'>KOBJECT : KConstraintBelongsTo.loadByKL -> class qcm.models.KRang</div></div>



<div class='INFO RECORD'><div class='date'>17 mars 2016 09:09:47 CET</div><div class='message'>POOL : KDataBase.expireLease -> net.ko.db.provider.KDBMysql@46e23a42 expirelease</div></div>



<div class='INFO RECORD'><div class='date'>17 mars 2016 09:09:47 CET</div><div class='message'>POOL : KDataBase.close -> net.ko.db.provider.KDBMysql@46e23a42 dispo</div></div>



<div class='INFO RECORD'><div class='date'>17 mars 2016 09:09:47 CET</div><div class='message'>POOL : KDataBase.expireLease -> net.ko.db.provider.KDBMysql@46e23a42 expirelease</div></div>



<div class='INFO RECORD'><div class='date'>17 mars 2016 09:09:47 CET</div><div class='message'>POOL : KDataBase.close -> net.ko.db.provider.KDBMysql@46e23a42 dispo</div></div>



<div class='INFO RECORD'><div class='date'>17 mars 2016 09:09:48 CET</div><div class='message'>POOL : KDataBase.lease -> net.ko.db.provider.KDBMysql@46e23a42 inuse</div></div>



<div class='INFO RECORD'><div class='date'>17 mars 2016 09:09:48 CET</div><div class='message'>SQL : KPreparedStatement.updateParameters -> []</div></div>



<div class='INFO RECORD'><div class='date'>17 mars 2016 09:09:48 CET</div><div class='message'>SQL : KPreparedStatement.sendQuery -> SELECT * FROM `utilisateur` LIMIT 0,1</div></div>



<div class='INFO RECORD'><div class='date'>17 mars 2016 09:09:48 CET</div><div class='message'>KOBJECT : DatabaseDAOObject.loadFromDb -> {id=3}</div></div>



<div class='INFO RECORD'><div class='date'>17 mars 2016 09:09:48 CET</div><div class='message'>KOBJECT : KConstraintBelongsTo.load -> class qcm.models.KRang</div></div>



<div class='INFO RECORD'><div class='date'>17 mars 2016 09:09:48 CET</div><div class='message'>SQL : KPreparedStatement.updateParameters -> [1]</div></div>



<div class='INFO RECORD'><div class='date'>17 mars 2016 09:09:48 CET</div><div class='message'>SQL : KPreparedStatement.sendQuery -> SELECT * FROM `rang`  WHERE `rang`.`id`=?</div></div>



<div class='INFO RECORD'><div class='date'>17 mars 2016 09:09:48 CET</div><div class='message'>KOBJECT : DatabaseDAOObject.loadFromDb -> {id=1}</div></div>



<div class='INFO RECORD'><div class='date'>17 mars 2016 09:09:48 CET</div><div class='message'>KOBJECT : KConstraintHasAndBelongsToMany.load -> class qcm.models.KGroupe</div></div>



<div class='INFO RECORD'><div class='date'>17 mars 2016 09:09:48 CET</div><div class='message'>SQL : KDataBase.sendQuery -> SELECT `groupe`.* FROM `utilisateur_groupe`,`groupe` WHERE `utilisateur_groupe`.`idUtilisateur`='3' AND `utilisateur_groupe`.`idGroupe`=`groupe`.`id`</div></div>



<div class='INFO RECORD'><div class='date'>17 mars 2016 09:09:48 CET</div><div class='message'>KOBJECT : DatabaseDAOObject.loadFromDb -> {id=3}</div></div>



<div class='INFO RECORD'><div class='date'>17 mars 2016 09:09:48 CET</div><div class='message'>KOBJECT : KConstraintHasMany.load -> class qcm.models.KRealisation</div></div>



<div class='INFO RECORD'><div class='date'>17 mars 2016 09:09:48 CET</div><div class='message'>SQL : KDataBase.sendQuery -> SELECT * FROM `realisation`  WHERE `realisation`.`idUtilisateur`='3'</div></div>



<div class='INFO RECORD'><div class='date'>17 mars 2016 09:09:48 CET</div><div class='message'>KOBJECT : DatabaseDAOObject.loadFromDb -> {id=1}</div></div>



<div class='INFO RECORD'><div class='date'>17 mars 2016 09:09:48 CET</div><div class='message'>POOL : KDataBase.expireLease -> net.ko.db.provider.KDBMysql@46e23a42 expirelease</div></div>



<div class='INFO RECORD'><div class='date'>17 mars 2016 09:09:48 CET</div><div class='message'>POOL : KDataBase.close -> net.ko.db.provider.KDBMysql@46e23a42 dispo</div></div>



<div class='INFO RECORD'><div class='date'>17 mars 2016 09:09:48 CET</div><div class='message'>POOL : KDataBase.expireLease -> net.ko.db.provider.KDBMysql@46e23a42 expirelease</div></div>



<div class='INFO RECORD'><div class='date'>17 mars 2016 09:09:48 CET</div><div class='message'>POOL : KDataBase.close -> net.ko.db.provider.KDBMysql@46e23a42 dispo</div></div>



